-------------------------------------------------------------------------------
Test set: com.example.DuplicateCharTest
-------------------------------------------------------------------------------
Tests run: 9, Failures: 1, Errors: 0, Skipped: 0, Time elapsed: 0.12 s <<< FAILURE! - in com.example.DuplicateCharTest
testCheckDuplicateCasesWhenMultipleSpaceIsPassedDifferentChars  Time elapsed: 0.022 s  <<< FAILURE!
org.opentest4j.AssertionFailedError: expected: <false> but was: <true>
	at com.example.DuplicateCharTest.runTest(DuplicateCharTest.java:34)
	at com.example.DuplicateCharTest.testCheckDuplicateCasesWhenMultipleSpaceIsPassedDifferentChars(DuplicateCharTest.java:70)

