-------------------------------------------------------------------------------
Test set: com.example.StringCalculatorTest
-------------------------------------------------------------------------------
Tests run: 9, Failures: 1, Errors: 0, Skipped: 0, Time elapsed: 0.02 s <<< FAILURE! - in com.example.StringCalculatorTest
stringHavingNegativeNumberShouldRaiseException  Time elapsed: 0.017 s  <<< FAILURE!
java.lang.AssertionError: Failed should raise exception
	at com.example.StringCalculatorTest.stringHavingNegativeNumberShouldRaiseException(StringCalculatorTest.java:64)

