-------------------------------------------------------------------------------
Test set: com.example.StringCalculatorTest
-------------------------------------------------------------------------------
Tests run: 7, Failures: 0, Errors: 1, Skipped: 0, Time elapsed: 0.01 s <<< FAILURE! - in com.example.StringCalculatorTest
stringHavingCustomDelimitersShouldBeValid  Time elapsed: 0.003 s  <<< ERROR!
java.lang.NumberFormatException: For input string: "\;"
	at com.example.StringCalculatorTest.stringHavingCustomDelimitersShouldBeValid(StringCalculatorTest.java:51)

