<?xml version="1.0" encoding="UTF-8"?>
<testsuite xmlns:xsi="http://www.w3.org/2001/XMLSchema-instance" xsi:noNamespaceSchemaLocation="https://maven.apache.org/surefire/maven-surefire-plugin/xsd/surefire-test-report.xsd" name="com.example.DuplicateCharTest" time="0.102" tests="10" errors="0" skipped="0" failures="0">
  <properties>
[...]
</properties>
  <testcase name="testCheckDuplicateCasesDifferentChars" classname="com.example.DuplicateCharTest" time="0.047"/>
  <testcase name="testCheckDuplicateIn2DifferentChars" classname="com.example.DuplicateCharTest" time="0.001"/>
  <testcase name="testCheckDuplicateCasesWhenMulpipleSpaceIsPassed" classname="com.example.DuplicateCharTest" time="0.002"/>
  <testcase name="testCheckDuplicateCasesWhenMultipleSpaceIsPassedDifferentChars" classname="com.example.DuplicateCharTest" time="0.003"/>
  <testcase name="testCheckDuplicateInMultipleChars" classname="com.example.DuplicateCharTest" time="0.002"/>
  <testcase name="testCheckDuplicateInMultipleDifferentChars" classname="com.example.DuplicateCharTest" time="0.003"/>
  <testcase name="testCheckDuplicateCasesWhenSingleSpaceIsPassed" classname="com.example.DuplicateCharTest" time="0.004"/>
  <testcase name="testCheckDuplicateCases" classname="com.example.DuplicateCharTest" time="0.003"/>
  <testcase name="testCheckDuplicateCasesWhenSingleSpaceIsPassedDifferentChars" classname="com.example.DuplicateCharTest" time="0.003"/>
  <testcase name="testCheckDuplicateIn2Chars" classname="com.example.DuplicateCharTest" time="0.002"/>
</testsuite>